Determining if the pthread_create exist failed with the following output:
Change Dir: /home/robot/ROS/creepy_crawler/build/catkin_tools_prebuild/CMakeFiles/CMakeTmp

Run Build Command:"/usr/bin/make" "cmTC_dc6a7/fast"
/usr/bin/make -f CMakeFiles/cmTC_dc6a7.dir/build.make CMakeFiles/cmTC_dc6a7.dir/build
make[1]: Entering directory '/home/robot/ROS/creepy_crawler/build/catkin_tools_prebuild/CMakeFiles/CMakeTmp'
Building C object CMakeFiles/cmTC_dc6a7.dir/CheckSymbolExists.c.o
/usr/bin/cc     -o CMakeFiles/cmTC_dc6a7.dir/CheckSymbolExists.c.o   -c /home/robot/ROS/creepy_crawler/build/catkin_tools_prebuild/CMakeFiles/CMakeTmp/CheckSymbolExists.c
Linking C executable cmTC_dc6a7
/usr/bin/cmake -E cmake_link_script CMakeFiles/cmTC_dc6a7.dir/link.txt --verbose=1
/usr/bin/cc       CMakeFiles/cmTC_dc6a7.dir/CheckSymbolExists.c.o  -o cmTC_dc6a7 -rdynamic 
CMakeFiles/cmTC_dc6a7.dir/CheckSymbolExists.c.o: In function `main':
CheckSymbolExists.c:(.text+0xe): undefined reference to `pthread_create'
CheckSymbolExists.c:(.text+0x12): undefined reference to `pthread_create'
collect2: error: ld returned 1 exit status
CMakeFiles/cmTC_dc6a7.dir/build.make:97: recipe for target 'cmTC_dc6a7' failed
make[1]: *** [cmTC_dc6a7] Error 1
make[1]: Leaving directory '/home/robot/ROS/creepy_crawler/build/catkin_tools_prebuild/CMakeFiles/CMakeTmp'
Makefile:126: recipe for target 'cmTC_dc6a7/fast' failed
make: *** [cmTC_dc6a7/fast] Error 2

File /home/robot/ROS/creepy_crawler/build/catkin_tools_prebuild/CMakeFiles/CMakeTmp/CheckSymbolExists.c:
/* */
#include <pthread.h>

int main(int argc, char** argv)
{
  (void)argv;
#ifndef pthread_create
  return ((int*)(&pthread_create))[argc];
#else
  (void)argc;
  return 0;
#endif
}

Determining if the function pthread_create exists in the pthreads failed with the following output:
Change Dir: /home/robot/ROS/creepy_crawler/build/catkin_tools_prebuild/CMakeFiles/CMakeTmp

Run Build Command:"/usr/bin/make" "cmTC_aff2a/fast"
/usr/bin/make -f CMakeFiles/cmTC_aff2a.dir/build.make CMakeFiles/cmTC_aff2a.dir/build
make[1]: Entering directory '/home/robot/ROS/creepy_crawler/build/catkin_tools_prebuild/CMakeFiles/CMakeTmp'
Building C object CMakeFiles/cmTC_aff2a.dir/CheckFunctionExists.c.o
/usr/bin/cc    -DCHECK_FUNCTION_EXISTS=pthread_create   -o CMakeFiles/cmTC_aff2a.dir/CheckFunctionExists.c.o   -c /usr/share/cmake-3.5/Modules/CheckFunctionExists.c
Linking C executable cmTC_aff2a
/usr/bin/cmake -E cmake_link_script CMakeFiles/cmTC_aff2a.dir/link.txt --verbose=1
/usr/bin/cc   -DCHECK_FUNCTION_EXISTS=pthread_create    CMakeFiles/cmTC_aff2a.dir/CheckFunctionExists.c.o  -o cmTC_aff2a -rdynamic -lpthreads 
/usr/bin/ld: cannot find -lpthreads
collect2: error: ld returned 1 exit status
CMakeFiles/cmTC_aff2a.dir/build.make:97: recipe for target 'cmTC_aff2a' failed
make[1]: *** [cmTC_aff2a] Error 1
make[1]: Leaving directory '/home/robot/ROS/creepy_crawler/build/catkin_tools_prebuild/CMakeFiles/CMakeTmp'
Makefile:126: recipe for target 'cmTC_aff2a/fast' failed
make: *** [cmTC_aff2a/fast] Error 2


